Loading required package: permute
Loading required package: permute
Loading required package: permute
Loading required package: permute
Loading required package: permute
Loading required package: permute
Loading required package: lattice
Loading required package: lattice
Loading required package: lattice
Loading required package: lattice
Loading required package: lattice
Loading required package: lattice
This is vegan 2.0-10
This is vegan 2.0-10
This is vegan 2.0-10
This is vegan 2.0-10
This is vegan 2.0-10
This is vegan 2.0-10
Warning messages:
1: package ‘rlecuyer’ was built under R version 3.0.2 
2: package ‘pbdMPI’ was built under R version 3.0.2 
Warning messages:
1: package ‘rlecuyer’ was built under R version 3.0.2 
2: package ‘pbdMPI’ was built under R version 3.0.2 
Warning messages:
1: package ‘rlecuyer’ was built under R version 3.0.2 
2: package ‘pbdMPI’ was built under R version 3.0.2 
Warning messages:
1: package ‘rlecuyer’ was built under R version 3.0.2 
2: package ‘pbdMPI’ was built under R version 3.0.2 
Warning messages:
Warning messages:
1: package ‘rlecuyer’ was built under R version 3.0.2 
2: package ‘pbdMPI’ was built under R version 3.0.2 
1: package ‘rlecuyer’ was built under R version 3.0.2 
2: package ‘pbdMPI’ was built under R version 3.0.2 
Error in ddmatrix(data = add[i + 1] * outer(agg[, i], agg[, i], "!="),  : 
  error in evaluating the argument 'data' in selecting a method for function 'ddmatrix': Error: cannot allocate vector of size 26.6 Gb
Execution halted
Error in ddmatrix(data = add[i + 1] * outer(agg[, i], agg[, i], "!="),  : 
  error in evaluating the argument 'data' in selecting a method for function 'ddmatrix': Error: cannot allocate vector of size 26.6 Gb
Execution halted
Error in ddmatrix(data = add[i + 1] * outer(agg[, i], agg[, i], "!="),  : 
  error in evaluating the argument 'data' in selecting a method for function 'ddmatrix': Error: cannot allocate vector of size 26.6 Gb
Execution halted
Warning messages:
1: package ‘pbdMPI’ was built under R version 3.0.2 
2: package ‘rlecuyer’ was built under R version 3.0.2 
Warning messages:
1: package ‘pbdMPI’ was built under R version 3.0.2 
2: package ‘rlecuyer’ was built under R version 3.0.2 
Warning messages:
1: package ‘pbdMPI’ was built under R version 3.0.2 
2: package ‘rlecuyer’ was built under R version 3.0.2 
Warning messages:
1: package ‘pbdMPI’ was built under R version 3.0.2 
2: package ‘rlecuyer’ was built under R version 3.0.2 
Warning messages:
1: package ‘pbdMPI’ was built under R version 3.0.2 
2: package ‘rlecuyer’ was built under R version 3.0.2 
Warning messages:
1: package ‘pbdMPI’ was built under R version 3.0.2 
2: package ‘rlecuyer’ was built under R version 3.0.2 
Loading required package: permute
Loading required package: permute
Loading required package: permute
Loading required package: permute
Loading required package: permute
Loading required package: permute
Loading required package: lattice
Loading required package: lattice
Loading required package: lattice
Loading required package: lattice
Loading required package: lattice
Loading required package: lattice
This is vegan 2.0-10
This is vegan 2.0-10
This is vegan 2.0-10
This is vegan 2.0-10
This is vegan 2.0-10
This is vegan 2.0-10
Warning messages:
1: package ‘pbdMPI’ was built under R version 3.0.2 
2: package ‘rlecuyer’ was built under R version 3.0.2 
Warning messages:
1: package ‘pbdMPI’ was built under R version 3.0.2 
2: package ‘rlecuyer’ was built under R version 3.0.2 
Warning messages:
1: package ‘pbdMPI’ was built under R version 3.0.2 
2: package ‘rlecuyer’ was built under R version 3.0.2 
Warning messages:
Warning messages:
1: package ‘pbdMPI’ was built under R version 3.0.2 
2: package ‘rlecuyer’ was built under R version 3.0.2 
Warning messages:
1: package ‘pbdMPI’ was built under R version 3.0.2 
2: package ‘rlecuyer’ was built under R version 3.0.2 
1: package ‘pbdMPI’ was built under R version 3.0.2 
2: package ‘rlecuyer’ was built under R version 3.0.2 
Loading required package: permute
Loading required package: permute
Loading required package: permute
Loading required package: permute
Loading required package: permute
Loading required package: permute
Loading required package: lattice
Loading required package: lattice
Loading required package: lattice
Loading required package: lattice
Loading required package: lattice
Loading required package: lattice
This is vegan 2.0-10
This is vegan 2.0-10
This is vegan 2.0-10
This is vegan 2.0-10
This is vegan 2.0-10
This is vegan 2.0-10
=>> PBS: job killed: walltime 3610 exceeded limit 3600
