Loading required package: permute
Loading required package: lattice
This is vegan 2.0-10
Warning messages:
1: package ‘rlecuyer’ was built under R version 3.0.2 
2: package ‘pbdMPI’ was built under R version 3.0.2 
Warning messages:
1: package ‘pbdMPI’ was built under R version 3.0.2 
2: package ‘rlecuyer’ was built under R version 3.0.2 
Loading required package: permute
Loading required package: lattice
This is vegan 2.0-10
Warning messages:
1: package ‘pbdMPI’ was built under R version 3.0.2 
2: package ‘rlecuyer’ was built under R version 3.0.2 
Loading required package: permute
Loading required package: lattice
This is vegan 2.0-10
Error: cannot allocate vector of size 26.6 Gb
Execution halted
